\BOOKMARK [1][-]{section.1}{\376\377\000I\000n\000t\000r\000o\000d\000u\000c\000t\000i\000o\000n}{}% 1
\BOOKMARK [1][-]{section.2}{\376\377\000R\000e\000l\000a\000t\000e\000d\000\040\000l\000i\000t\000e\000r\000a\000t\000u\000r\000e}{}% 2
\BOOKMARK [1][-]{section.3}{\376\377\000P\000r\000o\000b\000l\000e\000m\000\040\000c\000o\000n\000t\000e\000x\000t\000\040\000a\000n\000d\000\040\000a\000s\000s\000u\000m\000p\000t\000i\000o\000n\000s}{}% 3
\BOOKMARK [2][-]{subsection.3.1}{\376\377\000O\000p\000e\000r\000a\000t\000i\000o\000n\000a\000l\000\040\000p\000r\000e\000m\000i\000s\000e\000s}{section.3}% 4
\BOOKMARK [2][-]{subsection.3.2}{\376\377\000A\000i\000r\000c\000r\000a\000f\000t\000\040\000p\000a\000r\000a\000m\000e\000t\000e\000r\000s\000\040\000a\000n\000d\000\040\000l\000o\000a\000d\000\040\000b\000a\000l\000a\000n\000c\000i\000n\000g}{section.3}% 5
\BOOKMARK [1][-]{section.4}{\376\377\000T\000h\000e\000\040\000m\000a\000t\000h\000e\000m\000a\000t\000i\000c\000a\000l\000\040\000m\000o\000d\000e\000l\000i\000n\000g}{}% 6
\BOOKMARK [2][-]{subsection.4.1}{\376\377\000P\000r\000o\000b\000l\000e\000m\000\040\000s\000t\000r\000u\000c\000t\000u\000r\000e\000\040\000a\000n\000d\000\040\000i\000n\000p\000u\000t\000\040\000d\000a\000t\000a}{section.4}% 7
\BOOKMARK [2][-]{subsection.4.2}{\376\377\000T\000h\000e\000\040\000d\000e\000c\000i\000s\000i\000o\000n\000\040\000v\000a\000r\000i\000a\000b\000l\000e\000s}{section.4}% 8
\BOOKMARK [2][-]{subsection.4.3}{\376\377\000T\000h\000e\000\040\000a\000l\000l\000o\000c\000a\000t\000i\000o\000n\000\040\000g\000r\000a\000p\000h}{section.4}% 9
\BOOKMARK [2][-]{subsection.4.4}{\376\377\000T\000h\000e\000\040\000o\000b\000j\000e\000c\000t\000i\000v\000e\000\040\000f\000u\000n\000c\000t\000i\000o\000n}{section.4}% 10
\BOOKMARK [2][-]{subsection.4.5}{\376\377\000T\000h\000e\000\040\000c\000a\000l\000c\000u\000l\000u\000s\000\040\000e\000q\000u\000a\000t\000i\000o\000n\000s}{section.4}% 11
\BOOKMARK [2][-]{subsection.4.6}{\376\377\000T\000h\000e\000\040\000c\000o\000n\000s\000t\000r\000a\000i\000n\000t\000s}{section.4}% 12
\BOOKMARK [1][-]{section.5}{\376\377\000S\000o\000l\000u\000t\000i\000o\000n\000\040\000s\000t\000r\000a\000t\000e\000g\000y}{}% 13
\BOOKMARK [2][-]{subsection.5.1}{\376\377\000S\000o\000l\000v\000e\000T\000o\000u\000r\000\040\000a\000l\000g\000o\000r\000i\000t\000h\000m}{section.5}% 14
\BOOKMARK [2][-]{subsection.5.2}{\376\377\000N\000o\000d\000e\000-\000b\000y\000-\000n\000o\000d\000e\000\040\000s\000o\000l\000u\000t\000i\000o\000n\000s}{section.5}% 15
\BOOKMARK [3][-]{subsubsection.5.2.1}{\376\377\000W\000i\000t\000h\000\040\000a\000\040\000M\000I\000P\000\040\000s\000o\000l\000v\000e\000r}{subsection.5.2}% 16
\BOOKMARK [3][-]{subsubsection.5.2.2}{\376\377\000W\000i\000t\000h\000\040\000S\000h\000i\000m\000s\000\040\000h\000e\000u\000r\000i\000s\000t\000i\000c}{subsection.5.2}% 17
\BOOKMARK [1][-]{section.6}{\376\377\000I\000m\000p\000l\000e\000m\000e\000n\000t\000a\000t\000i\000o\000n\000\040\000a\000n\000d\000\040\000r\000e\000s\000u\000l\000t\000s}{}% 18
\BOOKMARK [2][-]{subsection.6.1}{\376\377\000I\000n\000s\000t\000a\000n\000c\000e\000s\000\040\000g\000e\000n\000e\000r\000a\000t\000i\000o\000n}{section.6}% 19
\BOOKMARK [2][-]{subsection.6.2}{\376\377\000R\000e\000s\000u\000l\000t\000s\000\040\000o\000b\000t\000a\000i\000n\000e\000d}{section.6}% 20
\BOOKMARK [3][-]{subsubsection.6.2.1}{\376\377\000T\000i\000m\000e\000\040\000l\000i\000m\000i\000t\000s\000\040\000c\000o\000m\000p\000a\000r\000i\000s\000o\000n\000s}{subsection.6.2}% 21
\BOOKMARK [3][-]{subsubsection.6.2.2}{\376\377\000P\000r\000o\000p\000o\000s\000e\000d\000\040\000S\000K\000\040\000s\000t\000r\000a\000t\000e\000g\000y\000\040\000a\000s\000s\000e\000s\000s\000m\000e\000n\000t}{subsection.6.2}% 22
\BOOKMARK [3][-]{subsubsection.6.2.3}{\376\377\000F\000i\000n\000a\000l\000\040\000c\000o\000n\000s\000i\000d\000e\000r\000a\000t\000i\000o\000n\000s\000\040\000o\000n\000\040\000t\000h\000e\000\040\000r\000e\000s\000u\000l\000t\000s}{subsection.6.2}% 23
\BOOKMARK [1][-]{section.7}{\376\377\000C\000o\000n\000c\000l\000u\000s\000i\000o\000n\000s}{}% 24
