\BOOKMARK [1][-]{section.1}{Introduction}{}% 1
\BOOKMARK [1][-]{section.2}{Related literature}{}% 2
\BOOKMARK [1][-]{section.3}{Problem context and assumptions}{}% 3
\BOOKMARK [2][-]{subsection.3.1}{Operational premises}{section.3}% 4
\BOOKMARK [2][-]{subsection.3.2}{Aircraft and load balancing}{section.3}% 5
\BOOKMARK [2][-]{subsection.3.3}{Problem Summary}{section.3}% 6
\BOOKMARK [1][-]{section.4}{The mathematical modelling}{}% 7
\BOOKMARK [1][-]{section.5}{Resolution strategy}{}% 8
\BOOKMARK [2][-]{subsection.5.1}{SolveTour algorithm}{section.5}% 9
\BOOKMARK [2][-]{subsection.5.2}{Node-by-node resolution}{section.5}% 10
\BOOKMARK [2][-]{subsection.5.3}{Multiprocessing Shims - mpShims}{section.5}% 11
\BOOKMARK [2][-]{subsection.5.4}{mpShims}{section.5}% 12
\BOOKMARK [3][-]{subsubsection.5.4.1}{Shims first phase}{subsection.5.4}% 13
\BOOKMARK [3][-]{subsubsection.5.4.2}{Shims second phase: improvement on minimizing CG deviation}{subsection.5.4}% 14
\BOOKMARK [3][-]{subsubsection.5.4.3}{Shims third phase}{subsection.5.4}% 15
\BOOKMARK [2][-]{subsection.5.5}{3D packing}{section.5}% 16
\BOOKMARK [1][-]{section.6}{Implementation and results}{}% 17
\BOOKMARK [2][-]{subsection.6.1}{Results obtained}{section.6}% 18
\BOOKMARK [2][-]{subsection.6.2}{Another possible improvement}{section.6}% 19
\BOOKMARK [2][-]{subsection.6.3}{Discussion summary}{section.6}% 20
\BOOKMARK [1][-]{section.7}{Conclusions}{}% 21
