\BOOKMARK [1][-]{section.1}{\376\377\000G\000e\000n\000e\000r\000a\000l\000\040\000i\000n\000f\000o\000r\000m\000a\000t\000i\000o\000n}{}% 1
\BOOKMARK [2][-]{subsection.1.1}{\376\377\000B\000a\000c\000k\000g\000r\000o\000u\000n\000d}{section.1}% 2
\BOOKMARK [2][-]{subsection.1.2}{\376\377\000V\000e\000r\000s\000i\000o\000n}{section.1}% 3
\BOOKMARK [2][-]{subsection.1.3}{\376\377\000L\000i\000c\000e\000n\000s\000e}{section.1}% 4
\BOOKMARK [1][-]{section.2}{\376\377\000B\000e\000f\000o\000r\000e\000\040\000s\000t\000a\000r\000t\000i\000n\000g}{}% 5
\BOOKMARK [1][-]{section.3}{\376\377\000I\000n\000s\000t\000a\000l\000l\000a\000t\000i\000o\000n}{}% 6
\BOOKMARK [2][-]{subsection.3.1}{\376\377\000S\000y\000s\000t\000e\000m\000\040\000r\000e\000q\000u\000i\000r\000e\000m\000e\000n\000t\000s}{section.3}% 7
\BOOKMARK [2][-]{subsection.3.2}{\376\377\000i\000r\000a\000c\000e\000\040\000i\000n\000s\000t\000a\000l\000l\000a\000t\000i\000o\000n}{section.3}% 8
\BOOKMARK [3][-]{subsubsection.3.2.1}{\376\377\000I\000n\000s\000t\000a\000l\000l\000\040\000a\000u\000t\000o\000m\000a\000t\000i\000c\000a\000l\000l\000y\000\040\000w\000i\000t\000h\000i\000n\000\040\000R}{subsection.3.2}% 9
\BOOKMARK [3][-]{subsubsection.3.2.2}{\376\377\000M\000a\000n\000u\000a\000l\000\040\000d\000o\000w\000n\000l\000o\000a\000d\000\040\000a\000n\000d\000\040\000i\000n\000s\000t\000a\000l\000l\000a\000t\000i\000o\000n}{subsection.3.2}% 10
\BOOKMARK [3][-]{subsubsection.3.2.3}{\376\377\000L\000o\000c\000a\000l\000\040\000i\000n\000s\000t\000a\000l\000l\000a\000t\000i\000o\000n}{subsection.3.2}% 11
\BOOKMARK [3][-]{subsubsection.3.2.4}{\376\377\000T\000e\000s\000t\000i\000n\000g\000\040\000t\000h\000e\000\040\000i\000n\000s\000t\000a\000l\000l\000a\000t\000i\000o\000n\000\040\000a\000n\000d\000\040\000i\000n\000v\000o\000k\000i\000n\000g\000\040\000i\000r\000a\000c\000e}{subsection.3.2}% 12
\BOOKMARK [1][-]{section.4}{\376\377\000R\000u\000n\000n\000i\000n\000g\000\040\000i\000r\000a\000c\000e}{}% 13
\BOOKMARK [2][-]{subsection.4.1}{\376\377\000S\000t\000e\000p\000-\000b\000y\000-\000s\000t\000e\000p\000\040\000s\000e\000t\000u\000p\000\040\000g\000u\000i\000d\000e}{section.4}% 14
\BOOKMARK [2][-]{subsection.4.2}{\376\377\000S\000e\000t\000u\000p\000\040\000e\000x\000a\000m\000p\000l\000e\000\040\000f\000o\000r\000\040\000A\000C\000O\000T\000S\000P}{section.4}% 15
\BOOKMARK [1][-]{section.5}{\376\377\000D\000e\000f\000i\000n\000i\000n\000g\000\040\000a\000\040\000c\000o\000n\000f\000i\000g\000u\000r\000a\000t\000i\000o\000n\000\040\000s\000c\000e\000n\000a\000r\000i\000o}{}% 16
\BOOKMARK [2][-]{subsection.5.1}{\376\377\000T\000a\000r\000g\000e\000t\000\040\000a\000l\000g\000o\000r\000i\000t\000h\000m\000\040\000p\000a\000r\000a\000m\000e\000t\000e\000r\000s}{section.5}% 17
\BOOKMARK [3][-]{subsubsection.5.1.1}{\376\377\000P\000a\000r\000a\000m\000e\000t\000e\000r\000\040\000t\000y\000p\000e\000s}{subsection.5.1}% 18
\BOOKMARK [3][-]{subsubsection.5.1.2}{\376\377\000P\000a\000r\000a\000m\000e\000t\000e\000r\000\040\000d\000o\000m\000a\000i\000n\000s}{subsection.5.1}% 19
\BOOKMARK [3][-]{subsubsection.5.1.3}{\376\377\000C\000o\000n\000d\000i\000t\000i\000o\000n\000a\000l\000\040\000p\000a\000r\000a\000m\000e\000t\000e\000r\000s}{subsection.5.1}% 20
\BOOKMARK [3][-]{subsubsection.5.1.4}{\376\377\000P\000a\000r\000a\000m\000e\000t\000e\000r\000\040\000f\000i\000l\000e\000\040\000f\000o\000r\000m\000a\000t}{subsection.5.1}% 21
\BOOKMARK [3][-]{subsubsection.5.1.5}{\376\377\000P\000a\000r\000a\000m\000e\000t\000e\000r\000s\000\040\000R\000\040\000f\000o\000r\000m\000a\000t}{subsection.5.1}% 22
\BOOKMARK [2][-]{subsection.5.2}{\376\377\000T\000a\000r\000g\000e\000t\000\040\000a\000l\000g\000o\000r\000i\000t\000h\000m\000\040\000r\000u\000n\000n\000e\000r}{section.5}% 23
\BOOKMARK [3][-]{subsubsection.5.2.1}{\376\377\000T\000a\000r\000g\000e\000t\000\040\000r\000u\000n\000n\000e\000r\000\040\000e\000x\000e\000c\000u\000t\000a\000b\000l\000e\000\040\000p\000r\000o\000g\000r\000a\000m}{subsection.5.2}% 24
\BOOKMARK [3][-]{subsubsection.5.2.2}{\376\377\000T\000a\000r\000g\000e\000t\000\040\000r\000u\000n\000n\000e\000r\000\040\000R\000\040\000f\000u\000n\000c\000t\000i\000o\000n}{subsection.5.2}% 25
\BOOKMARK [2][-]{subsection.5.3}{\376\377\000T\000a\000r\000g\000e\000t\000\040\000e\000v\000a\000l\000u\000a\000t\000o\000r}{section.5}% 26
\BOOKMARK [3][-]{subsubsection.5.3.1}{\376\377\000T\000a\000r\000g\000e\000t\000\040\000e\000v\000a\000l\000u\000a\000t\000o\000r\000\040\000e\000x\000e\000c\000u\000t\000a\000b\000l\000e\000\040\000p\000r\000o\000g\000r\000a\000m}{subsection.5.3}% 27
\BOOKMARK [3][-]{subsubsection.5.3.2}{\376\377\000T\000a\000r\000g\000e\000t\000\040\000e\000v\000a\000l\000u\000a\000t\000o\000r\000\040\000R\000\040\000f\000u\000n\000c\000t\000i\000o\000n}{subsection.5.3}% 28
\BOOKMARK [2][-]{subsection.5.4}{\376\377\000T\000r\000a\000i\000n\000i\000n\000g\000\040\000i\000n\000s\000t\000a\000n\000c\000e\000s}{section.5}% 29
\BOOKMARK [2][-]{subsection.5.5}{\376\377\000I\000n\000i\000t\000i\000a\000l\000\040\000c\000o\000n\000f\000i\000g\000u\000r\000a\000t\000i\000o\000n\000s}{section.5}% 30
\BOOKMARK [2][-]{subsection.5.6}{\376\377\000F\000o\000r\000b\000i\000d\000d\000e\000n\000\040\000c\000o\000n\000f\000i\000g\000u\000r\000a\000t\000i\000o\000n\000s}{section.5}% 31
\BOOKMARK [2][-]{subsection.5.7}{\376\377\000R\000e\000p\000a\000i\000r\000i\000n\000g\000\040\000c\000o\000n\000f\000i\000g\000u\000r\000a\000t\000i\000o\000n\000s}{section.5}% 32
\BOOKMARK [1][-]{section.6}{\376\377\000P\000a\000r\000a\000l\000l\000e\000l\000i\000z\000a\000t\000i\000o\000n}{}% 33
\BOOKMARK [1][-]{section.7}{\376\377\000T\000e\000s\000t\000i\000n\000g\000\040\000\050\000V\000a\000l\000i\000d\000a\000t\000i\000o\000n\000\051\000\040\000o\000f\000\040\000c\000o\000n\000f\000i\000g\000u\000r\000a\000t\000i\000o\000n\000s}{}% 34
\BOOKMARK [1][-]{section.8}{\376\377\000R\000e\000c\000o\000v\000e\000r\000i\000n\000g\000\040\000i\000r\000a\000c\000e\000\040\000r\000u\000n\000s}{}% 35
\BOOKMARK [1][-]{section.9}{\376\377\000O\000u\000t\000p\000u\000t\000\040\000a\000n\000d\000\040\000r\000e\000s\000u\000l\000t\000s}{}% 36
\BOOKMARK [2][-]{subsection.9.1}{\376\377\000T\000e\000x\000t\000\040\000o\000u\000t\000p\000u\000t}{section.9}% 37
\BOOKMARK [2][-]{subsection.9.2}{\376\377\000R\000\040\000d\000a\000t\000a\000\040\000f\000i\000l\000e\000\040\000\050\000l\000o\000g\000F\000i\000l\000e\000\051}{section.9}% 38
\BOOKMARK [2][-]{subsection.9.3}{\376\377\000A\000n\000a\000l\000y\000s\000i\000s\000\040\000o\000f\000\040\000r\000e\000s\000u\000l\000t\000s}{section.9}% 39
\BOOKMARK [1][-]{section.10}{\376\377\000A\000d\000v\000a\000n\000c\000e\000d\000\040\000t\000o\000p\000i\000c\000s}{}% 40
\BOOKMARK [2][-]{subsection.10.1}{\376\377\000T\000u\000n\000i\000n\000g\000\040\000b\000u\000d\000g\000e\000t}{section.10}% 41
\BOOKMARK [2][-]{subsection.10.2}{\376\377\000M\000u\000l\000t\000i\000-\000o\000b\000j\000e\000c\000t\000i\000v\000e\000\040\000t\000u\000n\000i\000n\000g}{section.10}% 42
\BOOKMARK [2][-]{subsection.10.3}{\376\377\000T\000u\000n\000i\000n\000g\000\040\000f\000o\000r\000\040\000m\000i\000n\000i\000m\000i\000z\000i\000n\000g\000\040\000c\000o\000m\000p\000u\000t\000a\000t\000i\000o\000n\000\040\000t\000i\000m\000e}{section.10}% 43
\BOOKMARK [2][-]{subsection.10.4}{\376\377\000H\000y\000p\000e\000r\000-\000p\000a\000r\000a\000r\000a\000m\000e\000t\000e\000r\000\040\000o\000p\000t\000i\000m\000i\000z\000a\000t\000i\000o\000n\000\040\000o\000f\000\040\000m\000a\000c\000h\000i\000n\000e\000\040\000l\000e\000a\000r\000n\000i\000n\000g\000\040\000m\000e\000t\000h\000o\000d\000s}{section.10}% 44
\BOOKMARK [2][-]{subsection.10.5}{\376\377\000H\000e\000t\000e\000r\000o\000g\000e\000n\000e\000o\000u\000s\000\040\000s\000c\000e\000n\000a\000r\000i\000o\000s}{section.10}% 45
\BOOKMARK [2][-]{subsection.10.6}{\376\377\000C\000h\000o\000o\000s\000i\000n\000g\000\040\000t\000h\000e\000\040\000s\000t\000a\000t\000i\000s\000t\000i\000c\000a\000l\000\040\000t\000e\000s\000t}{section.10}% 46
\BOOKMARK [2][-]{subsection.10.7}{\376\377\000C\000o\000m\000p\000l\000e\000x\000\040\000p\000a\000r\000a\000m\000e\000t\000e\000r\000\040\000s\000p\000a\000c\000e\000\040\000c\000o\000n\000s\000t\000r\000a\000i\000n\000t\000s}{section.10}% 47
\BOOKMARK [2][-]{subsection.10.8}{\376\377\000U\000n\000r\000e\000l\000i\000a\000b\000l\000e\000\040\000t\000a\000r\000g\000e\000t\000\040\000a\000l\000g\000o\000r\000i\000t\000h\000m\000s\000\040\000a\000n\000d\000\040\000i\000m\000m\000e\000d\000i\000a\000t\000e\000\040\000r\000e\000j\000e\000c\000t\000i\000o\000n}{section.10}% 48
\BOOKMARK [2][-]{subsection.10.9}{\376\377\000A\000b\000l\000a\000t\000i\000o\000n\000\040\000A\000n\000a\000l\000y\000s\000i\000s}{section.10}% 49
\BOOKMARK [2][-]{subsection.10.10}{\376\377\000P\000o\000s\000t\000s\000e\000l\000e\000c\000t\000i\000o\000n\000\040\000r\000a\000c\000e}{section.10}% 50
\BOOKMARK [2][-]{subsection.10.11}{\376\377\000P\000a\000r\000a\000m\000e\000t\000e\000r\000\040\000i\000m\000p\000o\000r\000t\000a\000n\000c\000e\000\040\000a\000n\000a\000l\000y\000s\000i\000s\000\040\000u\000s\000i\000n\000g\000\040\000P\000y\000I\000m\000p}{section.10}% 51
